<?xml version="1.0" encoding="UTF-8"?>
<testsuite name="Lecture6ExercisesTest" tests="1" skipped="0" failures="0" errors="0" timestamp="2023-04-19T16:58:41" hostname="DESKTOP-0E54QNC" time="0.014">
  <properties/>
  <testcase name="extractWord()" classname="Lecture6ExercisesTest" time="0.014"/>
  <system-out><![CDATA[]]></system-out>
  <system-err><![CDATA[]]></system-err>
</testsuite>
